<?xml version="1.0" encoding="UTF-8"?>
<testsuite name="hello.hello_spring.service.MemberServiceIntegrationTest" tests="2" skipped="0" failures="0" errors="0" timestamp="2024-06-24T10:26:07" hostname="DESKTOP-M6F0AL9" time="0.895">
  <properties/>
  <testcase name="join()" classname="hello.hello_spring.service.MemberServiceIntegrationTest" time="0.838"/>
  <testcase name="중복_회원_예외()" classname="hello.hello_spring.service.MemberServiceIntegrationTest" time="0.051"/>
  <system-out><![CDATA[19:26:00.392 [Test worker] INFO org.springframework.test.context.support.AnnotationConfigContextLoaderUtils -- Could not detect default configuration classes for test class [hello.hello_spring.service.MemberServiceIntegrationTest]: MemberServiceIntegrationTest does not declare any static, non-private, non-final, nested classes annotated with @Configuration.
19:26:00.550 [Test worker] INFO org.springframework.boot.test.context.SpringBootTestContextBootstrapper -- Found @SpringBootConfiguration hello.hello_spring.HelloSpringApplication for test class hello.hello_spring.service.MemberServiceIntegrationTest

  .   ____          _            __ _ _
 /\\ / ___'_ __ _ _(_)_ __  __ _ \ \ \ \
( ( )\___ | '_ | '_| | '_ \/ _` | \ \ \ \
 \\/  ___)| |_)| | | | | || (_| |  ) ) ) )
  '  |____| .__|_| |_|_| |_\__, | / / / /
 =========|_|==============|___/=/_/_/_/

 :: Spring Boot ::                (v3.3.1)

2024-06-24T19:26:01.260+09:00  INFO 10780 --- [hello-spring] [    Test worker] h.h.s.MemberServiceIntegrationTest       : Starting MemberServiceIntegrationTest using Java 22 with PID 10780 (started by user in C:\study\hello-spring)
2024-06-24T19:26:01.260+09:00  INFO 10780 --- [hello-spring] [    Test worker] h.h.s.MemberServiceIntegrationTest       : No active profile set, falling back to 1 default profile: "default"
2024-06-24T19:26:02.268+09:00  INFO 10780 --- [hello-spring] [    Test worker] .s.d.r.c.RepositoryConfigurationDelegate : Bootstrapping Spring Data JPA repositories in DEFAULT mode.
2024-06-24T19:26:02.364+09:00  INFO 10780 --- [hello-spring] [    Test worker] .s.d.r.c.RepositoryConfigurationDelegate : Finished Spring Data repository scanning in 80 ms. Found 1 JPA repository interface.
2024-06-24T19:26:03.365+09:00  INFO 10780 --- [hello-spring] [    Test worker] o.hibernate.jpa.internal.util.LogHelper  : HHH000204: Processing PersistenceUnitInfo [name: default]
2024-06-24T19:26:03.494+09:00  INFO 10780 --- [hello-spring] [    Test worker] org.hibernate.Version                    : HHH000412: Hibernate ORM core version 6.5.2.Final
2024-06-24T19:26:03.535+09:00  INFO 10780 --- [hello-spring] [    Test worker] o.h.c.internal.RegionFactoryInitiator    : HHH000026: Second-level cache disabled
2024-06-24T19:26:03.912+09:00  INFO 10780 --- [hello-spring] [    Test worker] o.s.o.j.p.SpringPersistenceUnitInfo      : No LoadTimeWeaver setup: ignoring JPA class transformer
2024-06-24T19:26:03.945+09:00  INFO 10780 --- [hello-spring] [    Test worker] com.zaxxer.hikari.HikariDataSource       : HikariPool-1 - Starting...
2024-06-24T19:26:04.023+09:00  INFO 10780 --- [hello-spring] [    Test worker] com.zaxxer.hikari.pool.HikariPool        : HikariPool-1 - Added connection conn0: url=jdbc:h2:tcp://localhost/~/test user=SA
2024-06-24T19:26:04.027+09:00  INFO 10780 --- [hello-spring] [    Test worker] com.zaxxer.hikari.HikariDataSource       : HikariPool-1 - Start completed.
2024-06-24T19:26:04.851+09:00  INFO 10780 --- [hello-spring] [    Test worker] o.h.e.t.j.p.i.JtaPlatformInitiator       : HHH000489: No JTA platform available (set 'hibernate.transaction.jta.platform' to enable JTA platform integration)
2024-06-24T19:26:04.851+09:00  INFO 10780 --- [hello-spring] [    Test worker] j.LocalContainerEntityManagerFactoryBean : Initialized JPA EntityManagerFactory for persistence unit 'default'
START: execution(MemberService hello.hello_spring.SpringConfig.memberService())
END: execution(MemberService hello.hello_spring.SpringConfig.memberService()) 5ms
2024-06-24T19:26:06.378+09:00  WARN 10780 --- [hello-spring] [    Test worker] JpaBaseConfiguration$JpaWebConfiguration : spring.jpa.open-in-view is enabled by default. Therefore, database queries may be performed during view rendering. Explicitly configure spring.jpa.open-in-view to disable this warning
2024-06-24T19:26:06.472+09:00  INFO 10780 --- [hello-spring] [    Test worker] o.s.b.a.w.s.WelcomePageHandlerMapping    : Adding welcome page: class path resource [static/index.html]
2024-06-24T19:26:07.921+09:00  INFO 10780 --- [hello-spring] [    Test worker] h.h.s.MemberServiceIntegrationTest       : Started MemberServiceIntegrationTest in 7.147 seconds (process running for 8.593)
START: execution(Long hello.hello_spring.service.MemberService.join(Member))
START: execution(Optional hello.hello_spring.repository.SpringDataJpaMemberRepository.findByName(String))
Hibernate: select m1_0.id,m1_0.name from member m1_0 where m1_0.name=?
END: execution(Optional hello.hello_spring.repository.SpringDataJpaMemberRepository.findByName(String)) 110ms
START: execution(Member hello.hello_spring.repository.MemberRepository.save(Member))
Hibernate: insert into member (name,id) values (?,default)
END: execution(Member hello.hello_spring.repository.MemberRepository.save(Member)) 33ms
join= 143ms
END: execution(Long hello.hello_spring.service.MemberService.join(Member)) 159ms
START: execution(Optional hello.hello_spring.service.MemberService.findOne(Long))
START: execution(Optional hello.hello_spring.repository.MemberRepository.findById(Long))
END: execution(Optional hello.hello_spring.repository.MemberRepository.findById(Long)) 1ms
END: execution(Optional hello.hello_spring.service.MemberService.findOne(Long)) 2ms
START: execution(Long hello.hello_spring.service.MemberService.join(Member))
START: execution(Optional hello.hello_spring.repository.SpringDataJpaMemberRepository.findByName(String))
Hibernate: select m1_0.id,m1_0.name from member m1_0 where m1_0.name=?
END: execution(Optional hello.hello_spring.repository.SpringDataJpaMemberRepository.findByName(String)) 0ms
START: execution(Member hello.hello_spring.repository.MemberRepository.save(Member))
Hibernate: insert into member (name,id) values (?,default)
END: execution(Member hello.hello_spring.repository.MemberRepository.save(Member)) 0ms
join= 0ms
END: execution(Long hello.hello_spring.service.MemberService.join(Member)) 0ms
START: execution(Long hello.hello_spring.service.MemberService.join(Member))
START: execution(Optional hello.hello_spring.repository.SpringDataJpaMemberRepository.findByName(String))
Hibernate: select m1_0.id,m1_0.name from member m1_0 where m1_0.name=?
END: execution(Optional hello.hello_spring.repository.SpringDataJpaMemberRepository.findByName(String)) 16ms
join= 16ms
END: execution(Long hello.hello_spring.service.MemberService.join(Member)) 16ms
]]></system-out>
  <system-err><![CDATA[WARNING: A Java agent has been loaded dynamically (C:\Users\user\.gradle\caches\modules-2\files-2.1\net.bytebuddy\byte-buddy-agent\1.14.17\e3c251a39dc90badaf71c83427ba46840f219d8d\byte-buddy-agent-1.14.17.jar)
WARNING: If a serviceability tool is in use, please run with -XX:+EnableDynamicAgentLoading to hide this warning
WARNING: If a serviceability tool is not in use, please run with -Djdk.instrument.traceUsage for more information
WARNING: Dynamic loading of agents will be disallowed by default in a future release
]]></system-err>
</testsuite>
